<?xml version="1.0" encoding="UTF-8"?>
<!-- Generated by org.testng.reporters.JUnitReportReporter -->
<testsuite name="pccraft.kayak.AppTest" tests="1" failures="0" timestamp="20 Jul 2015 00:50:09 GMT" time="0.005" errors="0">
  <testcase name="testApp" time="0.005" classname="pccraft.kayak.AppTest"/>
</testsuite> <!-- pccraft.kayak.AppTest -->
