<?xml version="1.0" encoding="UTF-8"?>
<!-- Generated by org.testng.reporters.JUnitReportReporter -->
<testsuite name="pccraft.kayak.testsuite.testscenario1.EndToEndFlowTest" tests="1" failures="0" timestamp="18 Jul 2015 20:19:02 GMT" time="16.625" errors="0">
  <testcase name="EndToEndFlow1Test" time="16.625" classname="pccraft.kayak.testsuite.testscenario1.EndToEndFlowTest"/>
</testsuite> <!-- pccraft.kayak.testsuite.testscenario1.EndToEndFlowTest -->
