<?xml version="1.0" encoding="UTF-8"?>
<!-- Generated by org.testng.reporters.JUnitReportReporter -->
<testsuite name="pccraft.kayak.testsuite.testscenario1.EndToEndFlow" tests="1" failures="0" timestamp="20 Jul 2015 04:56:40 GMT" time="183.058" errors="0">
  <testcase name="EndToEndFlowTest" time="183.058" classname="pccraft.kayak.testsuite.testscenario1.EndToEndFlow"/>
</testsuite> <!-- pccraft.kayak.testsuite.testscenario1.EndToEndFlow -->
