<?xml version="1.0" encoding="UTF-8"?>
<!-- Generated by org.testng.reporters.JUnitReportReporter -->
<testsuite name="pccraft.kayak.common.utils.XLSData" tests="1" failures="0" timestamp="20 Jul 2015 04:15:01 GMT" time="27.521" errors="0">
  <testcase name="testing" time="27.521" classname="pccraft.kayak.common.utils.XLSData"/>
</testsuite> <!-- pccraft.kayak.common.utils.XLSData -->
